# JRE version: Java(TM) SE Runtime Environment (8.0_211-b12) (build 1.8.0_211-b12)
# Java VM: Java HotSpot(TM) 64-Bit Server VM (25.211-b12 mixed mode windows-amd64 compressed oops)
Heap:
 PSYoungGen      total 139776K, used 96536K [0x00000000d5f00000, 0x00000000dfe00000, 0x0000000100000000)
  eden space 131584K, 73% used [0x00000000d5f00000,0x00000000dbd460f8,0x00000000ddf80000)
  from space 8192K, 0% used [0x00000000df600000,0x00000000df600000,0x00000000dfe00000)
  to   space 7168K, 0% used [0x00000000ddf80000,0x00000000ddf80000,0x00000000de680000)
 ParOldGen       total 69120K, used 7968K [0x0000000081c00000, 0x0000000085f80000, 0x00000000d5f00000)
  object space 69120K, 11% used [0x0000000081c00000,0x00000000823c8058,0x0000000085f80000)
 Metaspace       used 39646K, capacity 41798K, committed 41984K, reserved 1085440K
  class space    used 5635K, capacity 5880K, committed 5888K, reserved 1048576K
GC Heap History (10 events):
Event: 2.132 GC heap before
{Heap before GC invocations=6 (full 1):
 PSYoungGen      total 71680K, used 5110K [0x00000000d5f00000, 0x00000000def00000, 0x0000000100000000)
  eden space 66560K, 0% used [0x00000000d5f00000,0x00000000d5f00000,0x00000000da000000)
  from space 5120K, 99% used [0x00000000da000000,0x00000000da4fda98,0x00000000da500000)
  to   space 7168K, 0% used [0x00000000de800000,0x00000000de800000,0x00000000def00000)
 ParOldGen       total 87552K, used 3363K [0x0000000081c00000, 0x0000000087180000, 0x00000000d5f00000)
  object space 87552K, 3% used [0x0000000081c00000,0x0000000081f48f20,0x0000000087180000)
 Metaspace       used 20166K, capacity 21136K, committed 21248K, reserved 1067008K
  class space    used 2820K, capacity 2961K, committed 3072K, reserved 1048576K
Event: 2.157 GC heap after
Heap after GC invocations=6 (full 1):
 PSYoungGen      total 71680K, used 0K [0x00000000d5f00000, 0x00000000def00000, 0x0000000100000000)
  eden space 66560K, 0% used [0x00000000d5f00000,0x00000000d5f00000,0x00000000da000000)
  from space 5120K, 0% used [0x00000000da000000,0x00000000da000000,0x00000000da500000)
  to   space 7168K, 0% used [0x00000000de800000,0x00000000de800000,0x00000000def00000)
 ParOldGen       total 56320K, used 5554K [0x0000000081c00000, 0x0000000085300000, 0x00000000d5f00000)
  object space 56320K, 9% used [0x0000000081c00000,0x000000008216ca78,0x0000000085300000)
 Metaspace       used 20166K, capacity 21136K, committed 21248K, reserved 1067008K
  class space    used 2820K, capacity 2961K, committed 3072K, reserved 1048576K
}
Event: 3.470 GC heap before
{Heap before GC invocations=7 (full 1):
 PSYoungGen      total 71680K, used 66560K [0x00000000d5f00000, 0x00000000def00000, 0x0000000100000000)
  eden space 66560K, 100% used [0x00000000d5f00000,0x00000000da000000,0x00000000da000000)
  from space 5120K, 0% used [0x00000000da000000,0x00000000da000000,0x00000000da500000)
  to   space 7168K, 0% used [0x00000000de800000,0x00000000de800000,0x00000000def00000)
 ParOldGen       total 56320K, used 5554K [0x0000000081c00000, 0x0000000085300000, 0x00000000d5f00000)
  object space 56320K, 9% used [0x0000000081c00000,0x000000008216ca78,0x0000000085300000)
 Metaspace       used 26316K, capacity 27650K, committed 27776K, reserved 1073152K
  class space    used 3757K, capacity 3939K, committed 3968K, reserved 1048576K
Event: 3.473 GC heap after
Heap after GC invocations=7 (full 1):
 PSYoungGen      total 104448K, used 5172K [0x00000000d5f00000, 0x00000000ded80000, 0x0000000100000000)
  eden space 98816K, 0% used [0x00000000d5f00000,0x00000000d5f00000,0x00000000dbf80000)
  from space 5632K, 91% used [0x00000000de800000,0x00000000ded0d1d8,0x00000000ded80000)
  to   space 7168K, 0% used [0x00000000ddf80000,0x00000000ddf80000,0x00000000de680000)
 ParOldGen       total 56320K, used 5562K [0x0000000081c00000, 0x0000000085300000, 0x00000000d5f00000)
  object space 56320K, 9% used [0x0000000081c00000,0x000000008216ea78,0x0000000085300000)
 Metaspace       used 26316K, capacity 27650K, committed 27776K, reserved 1073152K
  class space    used 3757K, capacity 3939K, committed 3968K, reserved 1048576K
}
Event: 4.120 GC heap before
{Heap before GC invocations=8 (full 1):
 PSYoungGen      total 104448K, used 103988K [0x00000000d5f00000, 0x00000000ded80000, 0x0000000100000000)
  eden space 98816K, 100% used [0x00000000d5f00000,0x00000000dbf80000,0x00000000dbf80000)
  from space 5632K, 91% used [0x00000000de800000,0x00000000ded0d1d8,0x00000000ded80000)
  to   space 7168K, 0% used [0x00000000ddf80000,0x00000000ddf80000,0x00000000de680000)
 ParOldGen       total 56320K, used 5562K [0x0000000081c00000, 0x0000000085300000, 0x00000000d5f00000)
  object space 56320K, 9% used [0x0000000081c00000,0x000000008216ea78,0x0000000085300000)
 Metaspace       used 33564K, capacity 35360K, committed 35416K, reserved 1079296K
  class space    used 4619K, capacity 4830K, committed 4864K, reserved 1048576K
Event: 4.128 GC heap after
Heap after GC invocations=8 (full 1):
 PSYoungGen      total 138752K, used 7140K [0x00000000d5f00000, 0x00000000dfe00000, 0x0000000100000000)
  eden space 131584K, 0% used [0x00000000d5f00000,0x00000000d5f00000,0x00000000ddf80000)
  from space 7168K, 99% used [0x00000000ddf80000,0x00000000de679338,0x00000000de680000)
  to   space 8192K, 0% used [0x00000000df600000,0x00000000df600000,0x00000000dfe00000)
 ParOldGen       total 56320K, used 7018K [0x0000000081c00000, 0x0000000085300000, 0x00000000d5f00000)
  object space 56320K, 12% used [0x0000000081c00000,0x00000000822dab20,0x0000000085300000)
 Metaspace       used 33564K, capacity 35360K, committed 35416K, reserved 1079296K
  class space    used 4619K, capacity 4830K, committed 4864K, reserved 1048576K
}
Event: 4.134 GC heap before
{Heap before GC invocations=9 (full 1):
 PSYoungGen      total 138752K, used 9618K [0x00000000d5f00000, 0x00000000dfe00000, 0x0000000100000000)
  eden space 131584K, 1% used [0x00000000d5f00000,0x00000000d616b798,0x00000000ddf80000)
  from space 7168K, 99% used [0x00000000ddf80000,0x00000000de679338,0x00000000de680000)
  to   space 8192K, 0% used [0x00000000df600000,0x00000000df600000,0x00000000dfe00000)
 ParOldGen       total 56320K, used 7018K [0x0000000081c00000, 0x0000000085300000, 0x00000000d5f00000)
  object space 56320K, 12% used [0x0000000081c00000,0x00000000822dab20,0x0000000085300000)
 Metaspace       used 33624K, capacity 35392K, committed 35416K, reserved 1079296K
  class space    used 4629K, capacity 4862K, committed 4864K, reserved 1048576K
Event: 4.137 GC heap after
Heap after GC invocations=9 (full 1):
 PSYoungGen      total 139776K, used 3555K [0x00000000d5f00000, 0x00000000dfe00000, 0x0000000100000000)
  eden space 131584K, 0% used [0x00000000d5f00000,0x00000000d5f00000,0x00000000ddf80000)
  from space 8192K, 43% used [0x00000000df600000,0x00000000df978ea8,0x00000000dfe00000)
  to   space 7168K, 0% used [0x00000000ddf80000,0x00000000ddf80000,0x00000000de680000)
 ParOldGen       total 56320K, used 7026K [0x0000000081c00000, 0x0000000085300000, 0x00000000d5f00000)
  object space 56320K, 12% used [0x0000000081c00000,0x00000000822dcb20,0x0000000085300000)
 Metaspace       used 33624K, capacity 35392K, committed 35416K, reserved 1079296K
  class space    used 4629K, capacity 4862K, committed 4864K, reserved 1048576K
}
Event: 4.137 GC heap before
{Heap before GC invocations=10 (full 2):
 PSYoungGen      total 139776K, used 3555K [0x00000000d5f00000, 0x00000000dfe00000, 0x0000000100000000)
  eden space 131584K, 0% used [0x00000000d5f00000,0x00000000d5f00000,0x00000000ddf80000)
  from space 8192K, 43% used [0x00000000df600000,0x00000000df978ea8,0x00000000dfe00000)
  to   space 7168K, 0% used [0x00000000ddf80000,0x00000000ddf80000,0x00000000de680000)
 ParOldGen       total 56320K, used 7026K [0x0000000081c00000, 0x0000000085300000, 0x00000000d5f00000)
  object space 56320K, 12% used [0x0000000081c00000,0x00000000822dcb20,0x0000000085300000)
 Metaspace       used 33624K, capacity 35392K, committed 35416K, reserved 1079296K
  class space    used 4629K, capacity 4862K, committed 4864K, reserved 1048576K
Event: 4.193 GC heap after
Heap after GC invocations=10 (full 2):
 PSYoungGen      total 139776K, used 0K [0x00000000d5f00000, 0x00000000dfe00000, 0x0000000100000000)
  eden space 131584K, 0% used [0x00000000d5f00000,0x00000000d5f00000,0x00000000ddf80000)
  from space 8192K, 0% used [0x00000000df600000,0x00000000df600000,0x00000000dfe00000)
  to   space 7168K, 0% used [0x00000000ddf80000,0x00000000ddf80000,0x00000000de680000)
 ParOldGen       total 69120K, used 7968K [0x0000000081c00000, 0x0000000085f80000, 0x00000000d5f00000)
  object space 69120K, 11% used [0x0000000081c00000,0x00000000823c8058,0x0000000085f80000)
 Metaspace       used 33624K, capacity 35392K, committed 35416K, reserved 1079296K
  class space    used 4629K, capacity 4862K, committed 4864K, reserved 1048576K
}

