# JRE version: Java(TM) SE Runtime Environment (8.0_211-b12) (build 1.8.0_211-b12)
# Java VM: Java HotSpot(TM) 64-Bit Server VM (25.211-b12 mixed mode windows-amd64 compressed oops)
Heap:
 PSYoungGen      total 170496K, used 18929K [0x00000000d5f00000, 0x00000000e2c80000, 0x0000000100000000)
  eden space 162304K, 6% used [0x00000000d5f00000,0x00000000d697ea70,0x00000000dfd80000)
  from space 8192K, 99% used [0x00000000dfd80000,0x00000000e057dca0,0x00000000e0580000)
  to   space 10240K, 0% used [0x00000000e2280000,0x00000000e2280000,0x00000000e2c80000)
 ParOldGen       total 65536K, used 11683K [0x0000000081c00000, 0x0000000085c00000, 0x00000000d5f00000)
  object space 65536K, 17% used [0x0000000081c00000,0x0000000082768ef0,0x0000000085c00000)
 Metaspace       used 51774K, capacity 55642K, committed 55808K, reserved 1097728K
  class space    used 7213K, capacity 7587K, committed 7680K, reserved 1048576K
GC Heap History (10 events):
Event: 10.789 GC heap before
{Heap before GC invocations=9 (full 1):
 PSYoungGen      total 68608K, used 65520K [0x00000000d5f00000, 0x00000000dd700000, 0x0000000100000000)
  eden space 60416K, 100% used [0x00000000d5f00000,0x00000000d9a00000,0x00000000d9a00000)
  from space 8192K, 62% used [0x00000000d9a00000,0x00000000d9efc090,0x00000000da200000)
  to   space 7680K, 0% used [0x00000000dcf80000,0x00000000dcf80000,0x00000000dd700000)
 ParOldGen       total 46080K, used 4913K [0x0000000081c00000, 0x0000000084900000, 0x00000000d5f00000)
  object space 46080K, 10% used [0x0000000081c00000,0x00000000820cc730,0x0000000084900000)
 Metaspace       used 32503K, capacity 34290K, committed 34432K, reserved 1079296K
  class space    used 4489K, capacity 4677K, committed 4736K, reserved 1048576K
Event: 10.794 GC heap after
Heap after GC invocations=9 (full 1):
 PSYoungGen      total 115200K, used 5905K [0x00000000d5f00000, 0x00000000dd700000, 0x0000000100000000)
  eden space 107520K, 0% used [0x00000000d5f00000,0x00000000d5f00000,0x00000000dc800000)
  from space 7680K, 76% used [0x00000000dcf80000,0x00000000dd5446e0,0x00000000dd700000)
  to   space 7680K, 0% used [0x00000000dc800000,0x00000000dc800000,0x00000000dcf80000)
 ParOldGen       total 46080K, used 4921K [0x0000000081c00000, 0x0000000084900000, 0x00000000d5f00000)
  object space 46080K, 10% used [0x0000000081c00000,0x00000000820ce730,0x0000000084900000)
 Metaspace       used 32503K, capacity 34290K, committed 34432K, reserved 1079296K
  class space    used 4489K, capacity 4677K, committed 4736K, reserved 1048576K
}
Event: 10.856 GC heap before
{Heap before GC invocations=10 (full 1):
 PSYoungGen      total 115200K, used 19973K [0x00000000d5f00000, 0x00000000dd700000, 0x0000000100000000)
  eden space 107520K, 13% used [0x00000000d5f00000,0x00000000d6cbceb0,0x00000000dc800000)
  from space 7680K, 76% used [0x00000000dcf80000,0x00000000dd5446e0,0x00000000dd700000)
  to   space 7680K, 0% used [0x00000000dc800000,0x00000000dc800000,0x00000000dcf80000)
 ParOldGen       total 46080K, used 4921K [0x0000000081c00000, 0x0000000084900000, 0x00000000d5f00000)
  object space 46080K, 10% used [0x0000000081c00000,0x00000000820ce730,0x0000000084900000)
 Metaspace       used 33596K, capacity 35346K, committed 35496K, reserved 1079296K
  class space    used 4586K, capacity 4773K, committed 4864K, reserved 1048576K
Event: 10.860 GC heap after
Heap after GC invocations=10 (full 1):
 PSYoungGen      total 115200K, used 4087K [0x00000000d5f00000, 0x00000000e0e00000, 0x0000000100000000)
  eden space 107520K, 0% used [0x00000000d5f00000,0x00000000d5f00000,0x00000000dc800000)
  from space 7680K, 53% used [0x00000000dc800000,0x00000000dcbfdfc8,0x00000000dcf80000)
  to   space 7680K, 0% used [0x00000000e0680000,0x00000000e0680000,0x00000000e0e00000)
 ParOldGen       total 46080K, used 5325K [0x0000000081c00000, 0x0000000084900000, 0x00000000d5f00000)
  object space 46080K, 11% used [0x0000000081c00000,0x00000000821337a0,0x0000000084900000)
 Metaspace       used 33596K, capacity 35346K, committed 35496K, reserved 1079296K
  class space    used 4586K, capacity 4773K, committed 4864K, reserved 1048576K
}
Event: 10.860 GC heap before
{Heap before GC invocations=11 (full 2):
 PSYoungGen      total 115200K, used 4087K [0x00000000d5f00000, 0x00000000e0e00000, 0x0000000100000000)
  eden space 107520K, 0% used [0x00000000d5f00000,0x00000000d5f00000,0x00000000dc800000)
  from space 7680K, 53% used [0x00000000dc800000,0x00000000dcbfdfc8,0x00000000dcf80000)
  to   space 7680K, 0% used [0x00000000e0680000,0x00000000e0680000,0x00000000e0e00000)
 ParOldGen       total 46080K, used 5325K [0x0000000081c00000, 0x0000000084900000, 0x00000000d5f00000)
  object space 46080K, 11% used [0x0000000081c00000,0x00000000821337a0,0x0000000084900000)
 Metaspace       used 33596K, capacity 35346K, committed 35496K, reserved 1079296K
  class space    used 4586K, capacity 4773K, committed 4864K, reserved 1048576K
Event: 10.951 GC heap after
Heap after GC invocations=11 (full 2):
 PSYoungGen      total 115200K, used 0K [0x00000000d5f00000, 0x00000000e0e00000, 0x0000000100000000)
  eden space 107520K, 0% used [0x00000000d5f00000,0x00000000d5f00000,0x00000000dc800000)
  from space 7680K, 0% used [0x00000000dc800000,0x00000000dc800000,0x00000000dcf80000)
  to   space 7680K, 0% used [0x00000000e0680000,0x00000000e0680000,0x00000000e0e00000)
 ParOldGen       total 65536K, used 8696K [0x0000000081c00000, 0x0000000085c00000, 0x00000000d5f00000)
  object space 65536K, 13% used [0x0000000081c00000,0x000000008247e138,0x0000000085c00000)
 Metaspace       used 33596K, capacity 35346K, committed 35496K, reserved 1079296K
  class space    used 4586K, capacity 4773K, committed 4864K, reserved 1048576K
}
Event: 11.719 GC heap before
{Heap before GC invocations=12 (full 2):
 PSYoungGen      total 115200K, used 107520K [0x00000000d5f00000, 0x00000000e0e00000, 0x0000000100000000)
  eden space 107520K, 100% used [0x00000000d5f00000,0x00000000dc800000,0x00000000dc800000)
  from space 7680K, 0% used [0x00000000dc800000,0x00000000dc800000,0x00000000dcf80000)
  to   space 7680K, 0% used [0x00000000e0680000,0x00000000e0680000,0x00000000e0e00000)
 ParOldGen       total 65536K, used 8696K [0x0000000081c00000, 0x0000000085c00000, 0x00000000d5f00000)
  object space 65536K, 13% used [0x0000000081c00000,0x000000008247e138,0x0000000085c00000)
 Metaspace       used 40681K, capacity 42926K, committed 43136K, reserved 1087488K
  class space    used 5715K, capacity 5914K, committed 6016K, reserved 1048576K
Event: 11.725 GC heap after
Heap after GC invocations=12 (full 2):
 PSYoungGen      total 151040K, used 7041K [0x00000000d5f00000, 0x00000000e0d80000, 0x0000000100000000)
  eden space 143872K, 0% used [0x00000000d5f00000,0x00000000d5f00000,0x00000000deb80000)
  from space 7168K, 98% used [0x00000000e0680000,0x00000000e0d605f0,0x00000000e0d80000)
  to   space 8192K, 0% used [0x00000000dfd80000,0x00000000dfd80000,0x00000000e0580000)
 ParOldGen       total 65536K, used 8704K [0x0000000081c00000, 0x0000000085c00000, 0x00000000d5f00000)
  object space 65536K, 13% used [0x0000000081c00000,0x0000000082480138,0x0000000085c00000)
 Metaspace       used 40681K, capacity 42926K, committed 43136K, reserved 1087488K
  class space    used 5715K, capacity 5914K, committed 6016K, reserved 1048576K
}
Event: 12.941 GC heap before
{Heap before GC invocations=13 (full 2):
 PSYoungGen      total 151040K, used 150913K [0x00000000d5f00000, 0x00000000e0d80000, 0x0000000100000000)
  eden space 143872K, 100% used [0x00000000d5f00000,0x00000000deb80000,0x00000000deb80000)
  from space 7168K, 98% used [0x00000000e0680000,0x00000000e0d605f0,0x00000000e0d80000)
  to   space 8192K, 0% used [0x00000000dfd80000,0x00000000dfd80000,0x00000000e0580000)
 ParOldGen       total 65536K, used 8704K [0x0000000081c00000, 0x0000000085c00000, 0x00000000d5f00000)
  object space 65536K, 13% used [0x0000000081c00000,0x0000000082480138,0x0000000085c00000)
 Metaspace       used 51341K, capacity 55084K, committed 55168K, reserved 1097728K
  class space    used 7144K, capacity 7503K, committed 7552K, reserved 1048576K
Event: 12.953 GC heap after
Heap after GC invocations=13 (full 2):
 PSYoungGen      total 170496K, used 8183K [0x00000000d5f00000, 0x00000000e2c80000, 0x0000000100000000)
  eden space 162304K, 0% used [0x00000000d5f00000,0x00000000d5f00000,0x00000000dfd80000)
  from space 8192K, 99% used [0x00000000dfd80000,0x00000000e057dca0,0x00000000e0580000)
  to   space 10240K, 0% used [0x00000000e2280000,0x00000000e2280000,0x00000000e2c80000)
 ParOldGen       total 65536K, used 11683K [0x0000000081c00000, 0x0000000085c00000, 0x00000000d5f00000)
  object space 65536K, 17% used [0x0000000081c00000,0x0000000082768ef0,0x0000000085c00000)
 Metaspace       used 51341K, capacity 55084K, committed 55168K, reserved 1097728K
  class space    used 7144K, capacity 7503K, committed 7552K, reserved 1048576K
}

