# JRE version: Java(TM) SE Runtime Environment (8.0_211-b12) (build 1.8.0_211-b12)
# Java VM: Java HotSpot(TM) 64-Bit Server VM (25.211-b12 mixed mode windows-amd64 compressed oops)
Heap:
 PSYoungGen      total 155136K, used 17585K [0x00000000d5f00000, 0x00000000e1200000, 0x0000000100000000)
  eden space 147456K, 11% used [0x00000000d5f00000,0x00000000d702c478,0x00000000def00000)
  from space 7680K, 0% used [0x00000000e0a80000,0x00000000e0a80000,0x00000000e1200000)
  to   space 8192K, 0% used [0x00000000e0200000,0x00000000e0200000,0x00000000e0a00000)
 ParOldGen       total 63488K, used 15048K [0x0000000081c00000, 0x0000000085a00000, 0x00000000d5f00000)
  object space 63488K, 23% used [0x0000000081c00000,0x0000000082ab22e8,0x0000000085a00000)
 Metaspace       used 53913K, capacity 60147K, committed 60440K, reserved 1101824K
  class space    used 7684K, capacity 8372K, committed 8472K, reserved 1048576K
GC Heap History (10 events):
Event: 9.462 GC heap before
{Heap before GC invocations=11 (full 2):
 PSYoungGen      total 116224K, used 4118K [0x00000000d5f00000, 0x00000000e1200000, 0x0000000100000000)
  eden space 108544K, 0% used [0x00000000d5f00000,0x00000000d5f00000,0x00000000dc900000)
  from space 7680K, 53% used [0x00000000dc900000,0x00000000dcd05900,0x00000000dd080000)
  to   space 7680K, 0% used [0x00000000e0a80000,0x00000000e0a80000,0x00000000e1200000)
 ParOldGen       total 45568K, used 5340K [0x0000000081c00000, 0x0000000084880000, 0x00000000d5f00000)
  object space 45568K, 11% used [0x0000000081c00000,0x0000000082137108,0x0000000084880000)
 Metaspace       used 33652K, capacity 35398K, committed 35496K, reserved 1079296K
  class space    used 4581K, capacity 4771K, committed 4864K, reserved 1048576K
Event: 9.548 GC heap after
Heap after GC invocations=11 (full 2):
 PSYoungGen      total 116224K, used 0K [0x00000000d5f00000, 0x00000000e1200000, 0x0000000100000000)
  eden space 108544K, 0% used [0x00000000d5f00000,0x00000000d5f00000,0x00000000dc900000)
  from space 7680K, 0% used [0x00000000dc900000,0x00000000dc900000,0x00000000dd080000)
  to   space 7680K, 0% used [0x00000000e0a80000,0x00000000e0a80000,0x00000000e1200000)
 ParOldGen       total 63488K, used 8678K [0x0000000081c00000, 0x0000000085a00000, 0x00000000d5f00000)
  object space 63488K, 13% used [0x0000000081c00000,0x0000000082479bc8,0x0000000085a00000)
 Metaspace       used 33652K, capacity 35398K, committed 35496K, reserved 1079296K
  class space    used 4581K, capacity 4771K, committed 4864K, reserved 1048576K
}
Event: 10.312 GC heap before
{Heap before GC invocations=12 (full 2):
 PSYoungGen      total 116224K, used 108544K [0x00000000d5f00000, 0x00000000e1200000, 0x0000000100000000)
  eden space 108544K, 100% used [0x00000000d5f00000,0x00000000dc900000,0x00000000dc900000)
  from space 7680K, 0% used [0x00000000dc900000,0x00000000dc900000,0x00000000dd080000)
  to   space 7680K, 0% used [0x00000000e0a80000,0x00000000e0a80000,0x00000000e1200000)
 ParOldGen       total 63488K, used 8678K [0x0000000081c00000, 0x0000000085a00000, 0x00000000d5f00000)
  object space 63488K, 13% used [0x0000000081c00000,0x0000000082479bc8,0x0000000085a00000)
 Metaspace       used 40742K, capacity 43028K, committed 43136K, reserved 1087488K
  class space    used 5728K, capacity 5947K, committed 6016K, reserved 1048576K
Event: 10.319 GC heap after
Heap after GC invocations=12 (full 2):
 PSYoungGen      total 155136K, used 7168K [0x00000000d5f00000, 0x00000000e1200000, 0x0000000100000000)
  eden space 147456K, 0% used [0x00000000d5f00000,0x00000000d5f00000,0x00000000def00000)
  from space 7680K, 93% used [0x00000000e0a80000,0x00000000e11803f8,0x00000000e1200000)
  to   space 8192K, 0% used [0x00000000e0200000,0x00000000e0200000,0x00000000e0a00000)
 ParOldGen       total 63488K, used 8686K [0x0000000081c00000, 0x0000000085a00000, 0x00000000d5f00000)
  object space 63488K, 13% used [0x0000000081c00000,0x000000008247bbc8,0x0000000085a00000)
 Metaspace       used 40742K, capacity 43028K, committed 43136K, reserved 1087488K
  class space    used 5728K, capacity 5947K, committed 6016K, reserved 1048576K
}
Event: 11.519 GC heap before
{Heap before GC invocations=13 (full 2):
 PSYoungGen      total 155136K, used 154624K [0x00000000d5f00000, 0x00000000e1200000, 0x0000000100000000)
  eden space 147456K, 100% used [0x00000000d5f00000,0x00000000def00000,0x00000000def00000)
  from space 7680K, 93% used [0x00000000e0a80000,0x00000000e11803f8,0x00000000e1200000)
  to   space 8192K, 0% used [0x00000000e0200000,0x00000000e0200000,0x00000000e0a00000)
 ParOldGen       total 63488K, used 8686K [0x0000000081c00000, 0x0000000085a00000, 0x00000000d5f00000)
  object space 63488K, 13% used [0x0000000081c00000,0x000000008247bbc8,0x0000000085a00000)
 Metaspace       used 51754K, capacity 55642K, committed 55808K, reserved 1097728K
  class space    used 7211K, capacity 7587K, committed 7680K, reserved 1048576K
Event: 11.531 GC heap after
Heap after GC invocations=13 (full 2):
 PSYoungGen      total 155648K, used 8172K [0x00000000d5f00000, 0x00000000e1200000, 0x0000000100000000)
  eden space 147456K, 0% used [0x00000000d5f00000,0x00000000d5f00000,0x00000000def00000)
  from space 8192K, 99% used [0x00000000e0200000,0x00000000e09fb0f8,0x00000000e0a00000)
  to   space 7680K, 0% used [0x00000000e0a80000,0x00000000e0a80000,0x00000000e1200000)
 ParOldGen       total 63488K, used 11842K [0x0000000081c00000, 0x0000000085a00000, 0x00000000d5f00000)
  object space 63488K, 18% used [0x0000000081c00000,0x0000000082790800,0x0000000085a00000)
 Metaspace       used 51754K, capacity 55642K, committed 55808K, reserved 1097728K
  class space    used 7211K, capacity 7587K, committed 7680K, reserved 1048576K
}
Event: 11.892 GC heap before
{Heap before GC invocations=14 (full 2):
 PSYoungGen      total 155648K, used 98031K [0x00000000d5f00000, 0x00000000e1200000, 0x0000000100000000)
  eden space 147456K, 60% used [0x00000000d5f00000,0x00000000db6c0d20,0x00000000def00000)
  from space 8192K, 99% used [0x00000000e0200000,0x00000000e09fb0f8,0x00000000e0a00000)
  to   space 7680K, 0% used [0x00000000e0a80000,0x00000000e0a80000,0x00000000e1200000)
 ParOldGen       total 63488K, used 11842K [0x0000000081c00000, 0x0000000085a00000, 0x00000000d5f00000)
  object space 63488K, 18% used [0x0000000081c00000,0x0000000082790800,0x0000000085a00000)
 Metaspace       used 53410K, capacity 59157K, committed 59160K, reserved 1099776K
  class space    used 7562K, capacity 8216K, committed 8216K, reserved 1048576K
Event: 11.898 GC heap after
Heap after GC invocations=14 (full 2):
 PSYoungGen      total 155136K, used 3463K [0x00000000d5f00000, 0x00000000e1200000, 0x0000000100000000)
  eden space 147456K, 0% used [0x00000000d5f00000,0x00000000d5f00000,0x00000000def00000)
  from space 7680K, 45% used [0x00000000e0a80000,0x00000000e0de1cf0,0x00000000e1200000)
  to   space 8192K, 0% used [0x00000000e0200000,0x00000000e0200000,0x00000000e0a00000)
 ParOldGen       total 63488K, used 14854K [0x0000000081c00000, 0x0000000085a00000, 0x00000000d5f00000)
  object space 63488K, 23% used [0x0000000081c00000,0x0000000082a81a88,0x0000000085a00000)
 Metaspace       used 53410K, capacity 59157K, committed 59160K, reserved 1099776K
  class space    used 7562K, capacity 8216K, committed 8216K, reserved 1048576K
}
Event: 11.898 GC heap before
{Heap before GC invocations=15 (full 3):
 PSYoungGen      total 155136K, used 3463K [0x00000000d5f00000, 0x00000000e1200000, 0x0000000100000000)
  eden space 147456K, 0% used [0x00000000d5f00000,0x00000000d5f00000,0x00000000def00000)
  from space 7680K, 45% used [0x00000000e0a80000,0x00000000e0de1cf0,0x00000000e1200000)
  to   space 8192K, 0% used [0x00000000e0200000,0x00000000e0200000,0x00000000e0a00000)
 ParOldGen       total 63488K, used 14854K [0x0000000081c00000, 0x0000000085a00000, 0x00000000d5f00000)
  object space 63488K, 23% used [0x0000000081c00000,0x0000000082a81a88,0x0000000085a00000)
 Metaspace       used 53410K, capacity 59157K, committed 59160K, reserved 1099776K
  class space    used 7562K, capacity 8216K, committed 8216K, reserved 1048576K
Event: 12.046 GC heap after
Heap after GC invocations=15 (full 3):
 PSYoungGen      total 155136K, used 0K [0x00000000d5f00000, 0x00000000e1200000, 0x0000000100000000)
  eden space 147456K, 0% used [0x00000000d5f00000,0x00000000d5f00000,0x00000000def00000)
  from space 7680K, 0% used [0x00000000e0a80000,0x00000000e0a80000,0x00000000e1200000)
  to   space 8192K, 0% used [0x00000000e0200000,0x00000000e0200000,0x00000000e0a00000)
 ParOldGen       total 63488K, used 15048K [0x0000000081c00000, 0x0000000085a00000, 0x00000000d5f00000)
  object space 63488K, 23% used [0x0000000081c00000,0x0000000082ab22e8,0x0000000085a00000)
 Metaspace       used 53408K, capacity 59151K, committed 59160K, reserved 1099776K
  class space    used 7561K, capacity 8215K, committed 8216K, reserved 1048576K
}

