# JRE version: Java(TM) SE Runtime Environment (8.0_211-b12) (build 1.8.0_211-b12)
# Java VM: Java HotSpot(TM) 64-Bit Server VM (25.211-b12 mixed mode windows-amd64 compressed oops)
Heap:
 PSYoungGen      total 657920K, used 50997K [0x00000000d5f00000, 0x0000000100000000, 0x0000000100000000)
  eden space 627200K, 5% used [0x00000000d5f00000,0x00000000d7f7cc80,0x00000000fc380000)
  from space 30720K, 57% used [0x00000000fc380000,0x00000000fd4d0960,0x00000000fe180000)
  to   space 30208K, 0% used [0x00000000fe280000,0x00000000fe280000,0x0000000100000000)
 ParOldGen       total 407040K, used 235564K [0x0000000081c00000, 0x000000009a980000, 0x00000000d5f00000)
  object space 407040K, 57% used [0x0000000081c00000,0x000000009020b120,0x000000009a980000)
 Metaspace       used 63630K, capacity 72204K, committed 75648K, reserved 1114112K
  class space    used 8795K, capacity 9820K, committed 10368K, reserved 1048576K
GC Heap History (10 events):
Event: 111.142 GC heap before
{Heap before GC invocations=169 (full 5):
 PSYoungGen      total 657408K, used 644621K [0x00000000d5f00000, 0x00000000fff00000, 0x0000000100000000)
  eden space 626688K, 100% used [0x00000000d5f00000,0x00000000fc300000,0x00000000fc300000)
  from space 30720K, 58% used [0x00000000fc300000,0x00000000fd483770,0x00000000fe100000)
  to   space 30208K, 0% used [0x00000000fe180000,0x00000000fe180000,0x00000000fff00000)
 ParOldGen       total 330240K, used 305150K [0x0000000081c00000, 0x0000000095e80000, 0x00000000d5f00000)
  object space 330240K, 92% used [0x0000000081c00000,0x00000000945ff930,0x0000000095e80000)
 Metaspace       used 63772K, capacity 72408K, committed 75648K, reserved 1114112K
  class space    used 8813K, capacity 9854K, committed 10368K, reserved 1048576K
Event: 111.158 GC heap after
Heap after GC invocations=169 (full 5):
 PSYoungGen      total 656896K, used 20632K [0x00000000d5f00000, 0x00000000ffd80000, 0x0000000100000000)
  eden space 628224K, 0% used [0x00000000d5f00000,0x00000000d5f00000,0x00000000fc480000)
  from space 28672K, 71% used [0x00000000fe180000,0x00000000ff5a62d8,0x00000000ffd80000)
  to   space 29184K, 0% used [0x00000000fc480000,0x00000000fc480000,0x00000000fe100000)
 ParOldGen       total 330240K, used 313456K [0x0000000081c00000, 0x0000000095e80000, 0x00000000d5f00000)
  object space 330240K, 94% used [0x0000000081c00000,0x0000000094e1c1d0,0x0000000095e80000)
 Metaspace       used 63772K, capacity 72408K, committed 75648K, reserved 1114112K
  class space    used 8813K, capacity 9854K, committed 10368K, reserved 1048576K
}
Event: 111.158 GC heap before
{Heap before GC invocations=170 (full 6):
 PSYoungGen      total 656896K, used 20632K [0x00000000d5f00000, 0x00000000ffd80000, 0x0000000100000000)
  eden space 628224K, 0% used [0x00000000d5f00000,0x00000000d5f00000,0x00000000fc480000)
  from space 28672K, 71% used [0x00000000fe180000,0x00000000ff5a62d8,0x00000000ffd80000)
  to   space 29184K, 0% used [0x00000000fc480000,0x00000000fc480000,0x00000000fe100000)
 ParOldGen       total 330240K, used 313456K [0x0000000081c00000, 0x0000000095e80000, 0x00000000d5f00000)
  object space 330240K, 94% used [0x0000000081c00000,0x0000000094e1c1d0,0x0000000095e80000)
 Metaspace       used 63772K, capacity 72408K, committed 75648K, reserved 1114112K
  class space    used 8813K, capacity 9854K, committed 10368K, reserved 1048576K
Event: 111.502 GC heap after
Heap after GC invocations=170 (full 6):
 PSYoungGen      total 656896K, used 0K [0x00000000d5f00000, 0x00000000ffd80000, 0x0000000100000000)
  eden space 628224K, 0% used [0x00000000d5f00000,0x00000000d5f00000,0x00000000fc480000)
  from space 28672K, 0% used [0x00000000fe180000,0x00000000fe180000,0x00000000ffd80000)
  to   space 29184K, 0% used [0x00000000fc480000,0x00000000fc480000,0x00000000fe100000)
 ParOldGen       total 407040K, used 209331K [0x0000000081c00000, 0x000000009a980000, 0x00000000d5f00000)
  object space 407040K, 51% used [0x0000000081c00000,0x000000008e86cdf8,0x000000009a980000)
 Metaspace       used 63605K, capacity 72168K, committed 75648K, reserved 1114112K
  class space    used 8791K, capacity 9814K, committed 10368K, reserved 1048576K
}
Event: 111.995 GC heap before
{Heap before GC invocations=171 (full 6):
 PSYoungGen      total 656896K, used 628224K [0x00000000d5f00000, 0x00000000ffd80000, 0x0000000100000000)
  eden space 628224K, 100% used [0x00000000d5f00000,0x00000000fc480000,0x00000000fc480000)
  from space 28672K, 0% used [0x00000000fe180000,0x00000000fe180000,0x00000000ffd80000)
  to   space 29184K, 0% used [0x00000000fc480000,0x00000000fc480000,0x00000000fe100000)
 ParOldGen       total 407040K, used 209331K [0x0000000081c00000, 0x000000009a980000, 0x00000000d5f00000)
  object space 407040K, 51% used [0x0000000081c00000,0x000000008e86cdf8,0x000000009a980000)
 Metaspace       used 63605K, capacity 72168K, committed 75648K, reserved 1114112K
  class space    used 8791K, capacity 9814K, committed 10368K, reserved 1048576K
Event: 112.012 GC heap after
Heap after GC invocations=171 (full 6):
 PSYoungGen      total 657408K, used 26025K [0x00000000d5f00000, 0x00000000ffd80000, 0x0000000100000000)
  eden space 628224K, 0% used [0x00000000d5f00000,0x00000000d5f00000,0x00000000fc480000)
  from space 29184K, 89% used [0x00000000fc480000,0x00000000fddea470,0x00000000fe100000)
  to   space 28672K, 0% used [0x00000000fe180000,0x00000000fe180000,0x00000000ffd80000)
 ParOldGen       total 407040K, used 209331K [0x0000000081c00000, 0x000000009a980000, 0x00000000d5f00000)
  object space 407040K, 51% used [0x0000000081c00000,0x000000008e86cdf8,0x000000009a980000)
 Metaspace       used 63605K, capacity 72168K, committed 75648K, reserved 1114112K
  class space    used 8791K, capacity 9814K, committed 10368K, reserved 1048576K
}
Event: 112.619 GC heap before
{Heap before GC invocations=172 (full 6):
 PSYoungGen      total 657408K, used 654249K [0x00000000d5f00000, 0x00000000ffd80000, 0x0000000100000000)
  eden space 628224K, 100% used [0x00000000d5f00000,0x00000000fc480000,0x00000000fc480000)
  from space 29184K, 89% used [0x00000000fc480000,0x00000000fddea470,0x00000000fe100000)
  to   space 28672K, 0% used [0x00000000fe180000,0x00000000fe180000,0x00000000ffd80000)
 ParOldGen       total 407040K, used 209331K [0x0000000081c00000, 0x000000009a980000, 0x00000000d5f00000)
  object space 407040K, 51% used [0x0000000081c00000,0x000000008e86cdf8,0x000000009a980000)
 Metaspace       used 63621K, capacity 72192K, committed 75648K, reserved 1114112K
  class space    used 8794K, capacity 9818K, committed 10368K, reserved 1048576K
Event: 112.635 GC heap after
Heap after GC invocations=172 (full 6):
 PSYoungGen      total 655872K, used 14935K [0x00000000d5f00000, 0x0000000100000000, 0x0000000100000000)
  eden space 627200K, 0% used [0x00000000d5f00000,0x00000000d5f00000,0x00000000fc380000)
  from space 28672K, 52% used [0x00000000fe180000,0x00000000ff015f60,0x00000000ffd80000)
  to   space 30720K, 0% used [0x00000000fc380000,0x00000000fc380000,0x00000000fe180000)
 ParOldGen       total 407040K, used 226664K [0x0000000081c00000, 0x000000009a980000, 0x00000000d5f00000)
  object space 407040K, 55% used [0x0000000081c00000,0x000000008f95a238,0x000000009a980000)
 Metaspace       used 63621K, capacity 72192K, committed 75648K, reserved 1114112K
  class space    used 8794K, capacity 9818K, committed 10368K, reserved 1048576K
}
Event: 113.245 GC heap before
{Heap before GC invocations=173 (full 6):
 PSYoungGen      total 655872K, used 642135K [0x00000000d5f00000, 0x0000000100000000, 0x0000000100000000)
  eden space 627200K, 100% used [0x00000000d5f00000,0x00000000fc380000,0x00000000fc380000)
  from space 28672K, 52% used [0x00000000fe180000,0x00000000ff015f60,0x00000000ffd80000)
  to   space 30720K, 0% used [0x00000000fc380000,0x00000000fc380000,0x00000000fe180000)
 ParOldGen       total 407040K, used 226664K [0x0000000081c00000, 0x000000009a980000, 0x00000000d5f00000)
  object space 407040K, 55% used [0x0000000081c00000,0x000000008f95a238,0x000000009a980000)
 Metaspace       used 63630K, capacity 72204K, committed 75648K, reserved 1114112K
  class space    used 8795K, capacity 9820K, committed 10368K, reserved 1048576K
Event: 113.266 GC heap after
Heap after GC invocations=173 (full 6):
 PSYoungGen      total 657920K, used 17730K [0x00000000d5f00000, 0x0000000100000000, 0x0000000100000000)
  eden space 627200K, 0% used [0x00000000d5f00000,0x00000000d5f00000,0x00000000fc380000)
  from space 30720K, 57% used [0x00000000fc380000,0x00000000fd4d0960,0x00000000fe180000)
  to   space 30208K, 0% used [0x00000000fe280000,0x00000000fe280000,0x0000000100000000)
 ParOldGen       total 407040K, used 235564K [0x0000000081c00000, 0x000000009a980000, 0x00000000d5f00000)
  object space 407040K, 57% used [0x0000000081c00000,0x000000009020b120,0x000000009a980000)
 Metaspace       used 63630K, capacity 72204K, committed 75648K, reserved 1114112K
  class space    used 8795K, capacity 9820K, committed 10368K, reserved 1048576K
}

