# JRE version: Java(TM) SE Runtime Environment (8.0_211-b12) (build 1.8.0_211-b12)
# Java VM: Java HotSpot(TM) 64-Bit Server VM (25.211-b12 mixed mode windows-amd64 compressed oops)
Heap:
 PSYoungGen      total 125952K, used 102784K [0x00000000d5f00000, 0x00000000e0280000, 0x0000000100000000)
  eden space 116224K, 88% used [0x00000000d5f00000,0x00000000dc360318,0x00000000dd080000)
  from space 9728K, 0% used [0x00000000df900000,0x00000000df900000,0x00000000e0280000)
  to   space 9216K, 0% used [0x00000000dd080000,0x00000000dd080000,0x00000000dd980000)
 ParOldGen       total 79360K, used 15167K [0x0000000081c00000, 0x0000000086980000, 0x00000000d5f00000)
  object space 79360K, 19% used [0x0000000081c00000,0x0000000082acfe50,0x0000000086980000)
 Metaspace       used 55745K, capacity 62838K, committed 62976K, reserved 1103872K
  class space    used 8075K, capacity 8846K, committed 8960K, reserved 1048576K
GC Heap History (10 events):
Event: 9.477 GC heap before
{Heap before GC invocations=11 (full 2):
 PSYoungGen      total 99328K, used 91136K [0x00000000d5f00000, 0x00000000dcd80000, 0x0000000100000000)
  eden space 91136K, 100% used [0x00000000d5f00000,0x00000000db800000,0x00000000db800000)
  from space 8192K, 0% used [0x00000000dc000000,0x00000000dc000000,0x00000000dc800000)
  to   space 8192K, 0% used [0x00000000db800000,0x00000000db800000,0x00000000dc000000)
 ParOldGen       total 79360K, used 10401K [0x0000000081c00000, 0x0000000086980000, 0x00000000d5f00000)
  object space 79360K, 13% used [0x0000000081c00000,0x0000000082628638,0x0000000086980000)
 Metaspace       used 40097K, capacity 42452K, committed 42624K, reserved 1085440K
  class space    used 5699K, capacity 5943K, committed 6016K, reserved 1048576K
Event: 9.483 GC heap after
Heap after GC invocations=11 (full 2):
 PSYoungGen      total 99328K, used 6402K [0x00000000d5f00000, 0x00000000de180000, 0x0000000100000000)
  eden space 91136K, 0% used [0x00000000d5f00000,0x00000000d5f00000,0x00000000db800000)
  from space 8192K, 78% used [0x00000000db800000,0x00000000dbe40a78,0x00000000dc000000)
  to   space 8192K, 0% used [0x00000000dd980000,0x00000000dd980000,0x00000000de180000)
 ParOldGen       total 79360K, used 10409K [0x0000000081c00000, 0x0000000086980000, 0x00000000d5f00000)
  object space 79360K, 13% used [0x0000000081c00000,0x000000008262a638,0x0000000086980000)
 Metaspace       used 40097K, capacity 42452K, committed 42624K, reserved 1085440K
  class space    used 5699K, capacity 5943K, committed 6016K, reserved 1048576K
}
Event: 10.181 GC heap before
{Heap before GC invocations=12 (full 2):
 PSYoungGen      total 99328K, used 97538K [0x00000000d5f00000, 0x00000000de180000, 0x0000000100000000)
  eden space 91136K, 100% used [0x00000000d5f00000,0x00000000db800000,0x00000000db800000)
  from space 8192K, 78% used [0x00000000db800000,0x00000000dbe40a78,0x00000000dc000000)
  to   space 8192K, 0% used [0x00000000dd980000,0x00000000dd980000,0x00000000de180000)
 ParOldGen       total 79360K, used 10409K [0x0000000081c00000, 0x0000000086980000, 0x00000000d5f00000)
  object space 79360K, 13% used [0x0000000081c00000,0x000000008262a638,0x0000000086980000)
 Metaspace       used 47329K, capacity 50226K, committed 50560K, reserved 1093632K
  class space    used 6638K, capacity 6928K, committed 7040K, reserved 1048576K
Event: 10.188 GC heap after
Heap after GC invocations=12 (full 2):
 PSYoungGen      total 124416K, used 7980K [0x00000000d5f00000, 0x00000000de280000, 0x0000000100000000)
  eden space 116224K, 0% used [0x00000000d5f00000,0x00000000d5f00000,0x00000000dd080000)
  from space 8192K, 97% used [0x00000000dd980000,0x00000000de14b038,0x00000000de180000)
  to   space 9216K, 0% used [0x00000000dd080000,0x00000000dd080000,0x00000000dd980000)
 ParOldGen       total 79360K, used 10417K [0x0000000081c00000, 0x0000000086980000, 0x00000000d5f00000)
  object space 79360K, 13% used [0x0000000081c00000,0x000000008262c638,0x0000000086980000)
 Metaspace       used 47329K, capacity 50226K, committed 50560K, reserved 1093632K
  class space    used 6638K, capacity 6928K, committed 7040K, reserved 1048576K
}
Event: 10.790 GC heap before
{Heap before GC invocations=13 (full 2):
 PSYoungGen      total 124416K, used 124204K [0x00000000d5f00000, 0x00000000de280000, 0x0000000100000000)
  eden space 116224K, 100% used [0x00000000d5f00000,0x00000000dd080000,0x00000000dd080000)
  from space 8192K, 97% used [0x00000000dd980000,0x00000000de14b038,0x00000000de180000)
  to   space 9216K, 0% used [0x00000000dd080000,0x00000000dd080000,0x00000000dd980000)
 ParOldGen       total 79360K, used 10417K [0x0000000081c00000, 0x0000000086980000, 0x00000000d5f00000)
  object space 79360K, 13% used [0x0000000081c00000,0x000000008262c638,0x0000000086980000)
 Metaspace       used 52245K, capacity 57482K, committed 57728K, reserved 1099776K
  class space    used 7444K, capacity 8021K, committed 8064K, reserved 1048576K
Event: 10.795 GC heap after
Heap after GC invocations=13 (full 2):
 PSYoungGen      total 125440K, used 8678K [0x00000000d5f00000, 0x00000000e0280000, 0x0000000100000000)
  eden space 116224K, 0% used [0x00000000d5f00000,0x00000000d5f00000,0x00000000dd080000)
  from space 9216K, 94% used [0x00000000dd080000,0x00000000dd8f9bf0,0x00000000dd980000)
  to   space 9728K, 0% used [0x00000000df900000,0x00000000df900000,0x00000000e0280000)
 ParOldGen       total 79360K, used 10425K [0x0000000081c00000, 0x0000000086980000, 0x00000000d5f00000)
  object space 79360K, 13% used [0x0000000081c00000,0x000000008262e638,0x0000000086980000)
 Metaspace       used 52245K, capacity 57482K, committed 57728K, reserved 1099776K
  class space    used 7444K, capacity 8021K, committed 8064K, reserved 1048576K
}
Event: 10.872 GC heap before
{Heap before GC invocations=14 (full 2):
 PSYoungGen      total 125440K, used 40942K [0x00000000d5f00000, 0x00000000e0280000, 0x0000000100000000)
  eden space 116224K, 27% used [0x00000000d5f00000,0x00000000d7e81ef8,0x00000000dd080000)
  from space 9216K, 94% used [0x00000000dd080000,0x00000000dd8f9bf0,0x00000000dd980000)
  to   space 9728K, 0% used [0x00000000df900000,0x00000000df900000,0x00000000e0280000)
 ParOldGen       total 79360K, used 10425K [0x0000000081c00000, 0x0000000086980000, 0x00000000d5f00000)
  object space 79360K, 13% used [0x0000000081c00000,0x000000008262e638,0x0000000086980000)
 Metaspace       used 52945K, capacity 59100K, committed 59160K, reserved 1099776K
  class space    used 7605K, capacity 8315K, committed 8320K, reserved 1048576K
Event: 10.878 GC heap after
Heap after GC invocations=14 (full 2):
 PSYoungGen      total 125952K, used 7632K [0x00000000d5f00000, 0x00000000e0280000, 0x0000000100000000)
  eden space 116224K, 0% used [0x00000000d5f00000,0x00000000d5f00000,0x00000000dd080000)
  from space 9728K, 78% used [0x00000000df900000,0x00000000e0074020,0x00000000e0280000)
  to   space 9216K, 0% used [0x00000000dd080000,0x00000000dd080000,0x00000000dd980000)
 ParOldGen       total 79360K, used 10433K [0x0000000081c00000, 0x0000000086980000, 0x00000000d5f00000)
  object space 79360K, 13% used [0x0000000081c00000,0x0000000082630638,0x0000000086980000)
 Metaspace       used 52945K, capacity 59100K, committed 59160K, reserved 1099776K
  class space    used 7605K, capacity 8315K, committed 8320K, reserved 1048576K
}
Event: 10.878 GC heap before
{Heap before GC invocations=15 (full 3):
 PSYoungGen      total 125952K, used 7632K [0x00000000d5f00000, 0x00000000e0280000, 0x0000000100000000)
  eden space 116224K, 0% used [0x00000000d5f00000,0x00000000d5f00000,0x00000000dd080000)
  from space 9728K, 78% used [0x00000000df900000,0x00000000e0074020,0x00000000e0280000)
  to   space 9216K, 0% used [0x00000000dd080000,0x00000000dd080000,0x00000000dd980000)
 ParOldGen       total 79360K, used 10433K [0x0000000081c00000, 0x0000000086980000, 0x00000000d5f00000)
  object space 79360K, 13% used [0x0000000081c00000,0x0000000082630638,0x0000000086980000)
 Metaspace       used 52945K, capacity 59100K, committed 59160K, reserved 1099776K
  class space    used 7605K, capacity 8315K, committed 8320K, reserved 1048576K
Event: 10.974 GC heap after
Heap after GC invocations=15 (full 3):
 PSYoungGen      total 125952K, used 0K [0x00000000d5f00000, 0x00000000e0280000, 0x0000000100000000)
  eden space 116224K, 0% used [0x00000000d5f00000,0x00000000d5f00000,0x00000000dd080000)
  from space 9728K, 0% used [0x00000000df900000,0x00000000df900000,0x00000000e0280000)
  to   space 9216K, 0% used [0x00000000dd080000,0x00000000dd080000,0x00000000dd980000)
 ParOldGen       total 79360K, used 15167K [0x0000000081c00000, 0x0000000086980000, 0x00000000d5f00000)
  object space 79360K, 19% used [0x0000000081c00000,0x0000000082acfe50,0x0000000086980000)
 Metaspace       used 52942K, capacity 59094K, committed 59160K, reserved 1099776K
  class space    used 7605K, capacity 8314K, committed 8320K, reserved 1048576K
}

