# JRE version: Java(TM) SE Runtime Environment (8.0_211-b12) (build 1.8.0_211-b12)
# Java VM: Java HotSpot(TM) 64-Bit Server VM (25.211-b12 mixed mode windows-amd64 compressed oops)
Heap:
 PSYoungGen      total 118784K, used 103754K [0x00000000d5f00000, 0x00000000e1480000, 0x0000000100000000)
  eden space 111104K, 93% used [0x00000000d5f00000,0x00000000dc4529f0,0x00000000dcb80000)
  from space 7680K, 0% used [0x00000000dcb80000,0x00000000dcb80000,0x00000000dd300000)
  to   space 7680K, 0% used [0x00000000e0d00000,0x00000000e0d00000,0x00000000e1480000)
 ParOldGen       total 65024K, used 8552K [0x0000000081c00000, 0x0000000085b80000, 0x00000000d5f00000)
  object space 65024K, 13% used [0x0000000081c00000,0x000000008245a238,0x0000000085b80000)
 Metaspace       used 39207K, capacity 41730K, committed 41984K, reserved 1085440K
  class space    used 5610K, capacity 5868K, committed 5888K, reserved 1048576K
GC Heap History (10 events):
Event: 8.189 GC heap before
{Heap before GC invocations=7 (full 1):
 PSYoungGen      total 38400K, used 33280K [0x00000000d5f00000, 0x00000000dae00000, 0x0000000100000000)
  eden space 33280K, 100% used [0x00000000d5f00000,0x00000000d7f80000,0x00000000d7f80000)
  from space 5120K, 0% used [0x00000000d7f80000,0x00000000d7f80000,0x00000000d8480000)
  to   space 7168K, 0% used [0x00000000da700000,0x00000000da700000,0x00000000dae00000)
 ParOldGen       total 45568K, used 4893K [0x0000000081c00000, 0x0000000084880000, 0x00000000d5f00000)
  object space 45568K, 10% used [0x0000000081c00000,0x00000000820c76d0,0x0000000084880000)
 Metaspace       used 23160K, capacity 24224K, committed 24448K, reserved 1071104K
  class space    used 3231K, capacity 3375K, committed 3456K, reserved 1048576K
Event: 8.193 GC heap after
Heap after GC invocations=7 (full 1):
 PSYoungGen      total 65536K, used 2088K [0x00000000d5f00000, 0x00000000dab00000, 0x0000000100000000)
  eden space 61440K, 0% used [0x00000000d5f00000,0x00000000d5f00000,0x00000000d9b00000)
  from space 4096K, 50% used [0x00000000da700000,0x00000000da90a0e8,0x00000000dab00000)
  to   space 8192K, 0% used [0x00000000d9b00000,0x00000000d9b00000,0x00000000da300000)
 ParOldGen       total 45568K, used 4901K [0x0000000081c00000, 0x0000000084880000, 0x00000000d5f00000)
  object space 45568K, 10% used [0x0000000081c00000,0x00000000820c96d0,0x0000000084880000)
 Metaspace       used 23160K, capacity 24224K, committed 24448K, reserved 1071104K
  class space    used 3231K, capacity 3375K, committed 3456K, reserved 1048576K
}
Event: 9.339 GC heap before
{Heap before GC invocations=8 (full 1):
 PSYoungGen      total 65536K, used 63528K [0x00000000d5f00000, 0x00000000dab00000, 0x0000000100000000)
  eden space 61440K, 100% used [0x00000000d5f00000,0x00000000d9b00000,0x00000000d9b00000)
  from space 4096K, 50% used [0x00000000da700000,0x00000000da90a0e8,0x00000000dab00000)
  to   space 8192K, 0% used [0x00000000d9b00000,0x00000000d9b00000,0x00000000da300000)
 ParOldGen       total 45568K, used 4901K [0x0000000081c00000, 0x0000000084880000, 0x00000000d5f00000)
  object space 45568K, 10% used [0x0000000081c00000,0x00000000820c96d0,0x0000000084880000)
 Metaspace       used 28634K, capacity 30046K, committed 30336K, reserved 1075200K
  class space    used 3961K, capacity 4159K, committed 4224K, reserved 1048576K
Event: 9.343 GC heap after
Heap after GC invocations=8 (full 1):
 PSYoungGen      total 69632K, used 5241K [0x00000000d5f00000, 0x00000000dda80000, 0x0000000100000000)
  eden space 61440K, 0% used [0x00000000d5f00000,0x00000000d5f00000,0x00000000d9b00000)
  from space 8192K, 63% used [0x00000000d9b00000,0x00000000da01e720,0x00000000da300000)
  to   space 7680K, 0% used [0x00000000dd300000,0x00000000dd300000,0x00000000dda80000)
 ParOldGen       total 45568K, used 4909K [0x0000000081c00000, 0x0000000084880000, 0x00000000d5f00000)
  object space 45568K, 10% used [0x0000000081c00000,0x00000000820cb6d0,0x0000000084880000)
 Metaspace       used 28634K, capacity 30046K, committed 30336K, reserved 1075200K
  class space    used 3961K, capacity 4159K, committed 4224K, reserved 1048576K
}
Event: 9.756 GC heap before
{Heap before GC invocations=9 (full 1):
 PSYoungGen      total 69632K, used 66681K [0x00000000d5f00000, 0x00000000dda80000, 0x0000000100000000)
  eden space 61440K, 100% used [0x00000000d5f00000,0x00000000d9b00000,0x00000000d9b00000)
  from space 8192K, 63% used [0x00000000d9b00000,0x00000000da01e720,0x00000000da300000)
  to   space 7680K, 0% used [0x00000000dd300000,0x00000000dd300000,0x00000000dda80000)
 ParOldGen       total 45568K, used 4909K [0x0000000081c00000, 0x0000000084880000, 0x00000000d5f00000)
  object space 45568K, 10% used [0x0000000081c00000,0x00000000820cb6d0,0x0000000084880000)
 Metaspace       used 32777K, capacity 34566K, committed 34688K, reserved 1079296K
  class space    used 4499K, capacity 4707K, committed 4736K, reserved 1048576K
Event: 9.762 GC heap after
Heap after GC invocations=9 (full 1):
 PSYoungGen      total 118784K, used 6136K [0x00000000d5f00000, 0x00000000dda80000, 0x0000000100000000)
  eden space 111104K, 0% used [0x00000000d5f00000,0x00000000d5f00000,0x00000000dcb80000)
  from space 7680K, 79% used [0x00000000dd300000,0x00000000dd8fe2c8,0x00000000dda80000)
  to   space 7680K, 0% used [0x00000000dcb80000,0x00000000dcb80000,0x00000000dd300000)
 ParOldGen       total 45568K, used 4917K [0x0000000081c00000, 0x0000000084880000, 0x00000000d5f00000)
  object space 45568K, 10% used [0x0000000081c00000,0x00000000820cd6d0,0x0000000084880000)
 Metaspace       used 32777K, capacity 34566K, committed 34688K, reserved 1079296K
  class space    used 4499K, capacity 4707K, committed 4736K, reserved 1048576K
}
Event: 9.815 GC heap before
{Heap before GC invocations=10 (full 1):
 PSYoungGen      total 118784K, used 16586K [0x00000000d5f00000, 0x00000000dda80000, 0x0000000100000000)
  eden space 111104K, 9% used [0x00000000d5f00000,0x00000000d69347b8,0x00000000dcb80000)
  from space 7680K, 79% used [0x00000000dd300000,0x00000000dd8fe2c8,0x00000000dda80000)
  to   space 7680K, 0% used [0x00000000dcb80000,0x00000000dcb80000,0x00000000dd300000)
 ParOldGen       total 45568K, used 4917K [0x0000000081c00000, 0x0000000084880000, 0x00000000d5f00000)
  object space 45568K, 10% used [0x0000000081c00000,0x00000000820cd6d0,0x0000000084880000)
 Metaspace       used 33657K, capacity 35398K, committed 35496K, reserved 1079296K
  class space    used 4575K, capacity 4771K, committed 4864K, reserved 1048576K
Event: 9.818 GC heap after
Heap after GC invocations=10 (full 1):
 PSYoungGen      total 118784K, used 3985K [0x00000000d5f00000, 0x00000000e1480000, 0x0000000100000000)
  eden space 111104K, 0% used [0x00000000d5f00000,0x00000000d5f00000,0x00000000dcb80000)
  from space 7680K, 51% used [0x00000000dcb80000,0x00000000dcf64428,0x00000000dd300000)
  to   space 7680K, 0% used [0x00000000e0d00000,0x00000000e0d00000,0x00000000e1480000)
 ParOldGen       total 45568K, used 5313K [0x0000000081c00000, 0x0000000084880000, 0x00000000d5f00000)
  object space 45568K, 11% used [0x0000000081c00000,0x0000000082130740,0x0000000084880000)
 Metaspace       used 33657K, capacity 35398K, committed 35496K, reserved 1079296K
  class space    used 4575K, capacity 4771K, committed 4864K, reserved 1048576K
}
Event: 9.818 GC heap before
{Heap before GC invocations=11 (full 2):
 PSYoungGen      total 118784K, used 3985K [0x00000000d5f00000, 0x00000000e1480000, 0x0000000100000000)
  eden space 111104K, 0% used [0x00000000d5f00000,0x00000000d5f00000,0x00000000dcb80000)
  from space 7680K, 51% used [0x00000000dcb80000,0x00000000dcf64428,0x00000000dd300000)
  to   space 7680K, 0% used [0x00000000e0d00000,0x00000000e0d00000,0x00000000e1480000)
 ParOldGen       total 45568K, used 5313K [0x0000000081c00000, 0x0000000084880000, 0x00000000d5f00000)
  object space 45568K, 11% used [0x0000000081c00000,0x0000000082130740,0x0000000084880000)
 Metaspace       used 33657K, capacity 35398K, committed 35496K, reserved 1079296K
  class space    used 4575K, capacity 4771K, committed 4864K, reserved 1048576K
Event: 9.887 GC heap after
Heap after GC invocations=11 (full 2):
 PSYoungGen      total 118784K, used 0K [0x00000000d5f00000, 0x00000000e1480000, 0x0000000100000000)
  eden space 111104K, 0% used [0x00000000d5f00000,0x00000000d5f00000,0x00000000dcb80000)
  from space 7680K, 0% used [0x00000000dcb80000,0x00000000dcb80000,0x00000000dd300000)
  to   space 7680K, 0% used [0x00000000e0d00000,0x00000000e0d00000,0x00000000e1480000)
 ParOldGen       total 65024K, used 8552K [0x0000000081c00000, 0x0000000085b80000, 0x00000000d5f00000)
  object space 65024K, 13% used [0x0000000081c00000,0x000000008245a238,0x0000000085b80000)
 Metaspace       used 33657K, capacity 35398K, committed 35496K, reserved 1079296K
  class space    used 4575K, capacity 4771K, committed 4864K, reserved 1048576K
}

