# JRE version: Java(TM) SE Runtime Environment (8.0_211-b12) (build 1.8.0_211-b12)
# Java VM: Java HotSpot(TM) 64-Bit Server VM (25.211-b12 mixed mode windows-amd64 compressed oops)
Heap:
 PSYoungGen      total 116736K, used 34413K [0x00000000d5f00000, 0x00000000dd880000, 0x0000000100000000)
  eden space 109056K, 31% used [0x00000000d5f00000,0x00000000d809b538,0x00000000dc980000)
  from space 7680K, 0% used [0x00000000dc980000,0x00000000dc980000,0x00000000dd100000)
  to   space 7680K, 0% used [0x00000000dd100000,0x00000000dd100000,0x00000000dd880000)
 ParOldGen       total 46080K, used 8679K [0x0000000081c00000, 0x0000000084900000, 0x00000000d5f00000)
  object space 46080K, 18% used [0x0000000081c00000,0x0000000082479e88,0x0000000084900000)
 Metaspace       used 35574K, capacity 37456K, committed 37632K, reserved 1081344K
  class space    used 4879K, capacity 5072K, committed 5120K, reserved 1048576K
GC Heap History (10 events):
Event: 7.563 GC heap before
{Heap before GC invocations=7 (full 1):
 PSYoungGen      total 38400K, used 33280K [0x00000000d5f00000, 0x00000000dae00000, 0x0000000100000000)
  eden space 33280K, 100% used [0x00000000d5f00000,0x00000000d7f80000,0x00000000d7f80000)
  from space 5120K, 0% used [0x00000000d7f80000,0x00000000d7f80000,0x00000000d8480000)
  to   space 7168K, 0% used [0x00000000da700000,0x00000000da700000,0x00000000dae00000)
 ParOldGen       total 46080K, used 4896K [0x0000000081c00000, 0x0000000084900000, 0x00000000d5f00000)
  object space 46080K, 10% used [0x0000000081c00000,0x00000000820c80e0,0x0000000084900000)
 Metaspace       used 23117K, capacity 24160K, committed 24448K, reserved 1071104K
  class space    used 3225K, capacity 3375K, committed 3456K, reserved 1048576K
Event: 7.568 GC heap after
Heap after GC invocations=7 (full 1):
 PSYoungGen      total 64512K, used 2089K [0x00000000d5f00000, 0x00000000daa80000, 0x0000000100000000)
  eden space 60928K, 0% used [0x00000000d5f00000,0x00000000d5f00000,0x00000000d9a80000)
  from space 3584K, 58% used [0x00000000da700000,0x00000000da90a428,0x00000000daa80000)
  to   space 8192K, 0% used [0x00000000d9a80000,0x00000000d9a80000,0x00000000da280000)
 ParOldGen       total 46080K, used 4904K [0x0000000081c00000, 0x0000000084900000, 0x00000000d5f00000)
  object space 46080K, 10% used [0x0000000081c00000,0x00000000820ca0e0,0x0000000084900000)
 Metaspace       used 23117K, capacity 24160K, committed 24448K, reserved 1071104K
  class space    used 3225K, capacity 3375K, committed 3456K, reserved 1048576K
}
Event: 9.704 GC heap before
{Heap before GC invocations=8 (full 1):
 PSYoungGen      total 64512K, used 63017K [0x00000000d5f00000, 0x00000000daa80000, 0x0000000100000000)
  eden space 60928K, 100% used [0x00000000d5f00000,0x00000000d9a80000,0x00000000d9a80000)
  from space 3584K, 58% used [0x00000000da700000,0x00000000da90a428,0x00000000daa80000)
  to   space 8192K, 0% used [0x00000000d9a80000,0x00000000d9a80000,0x00000000da280000)
 ParOldGen       total 46080K, used 4904K [0x0000000081c00000, 0x0000000084900000, 0x00000000d5f00000)
  object space 46080K, 10% used [0x0000000081c00000,0x00000000820ca0e0,0x0000000084900000)
 Metaspace       used 28527K, capacity 29982K, committed 30080K, reserved 1075200K
  class space    used 3952K, capacity 4159K, committed 4224K, reserved 1048576K
Event: 9.708 GC heap after
Heap after GC invocations=8 (full 1):
 PSYoungGen      total 69120K, used 5146K [0x00000000d5f00000, 0x00000000dd880000, 0x0000000100000000)
  eden space 60928K, 0% used [0x00000000d5f00000,0x00000000d5f00000,0x00000000d9a80000)
  from space 8192K, 62% used [0x00000000d9a80000,0x00000000d9f86b80,0x00000000da280000)
  to   space 7680K, 0% used [0x00000000dd100000,0x00000000dd100000,0x00000000dd880000)
 ParOldGen       total 46080K, used 4912K [0x0000000081c00000, 0x0000000084900000, 0x00000000d5f00000)
  object space 46080K, 10% used [0x0000000081c00000,0x00000000820cc0e0,0x0000000084900000)
 Metaspace       used 28527K, capacity 29982K, committed 30080K, reserved 1075200K
  class space    used 3952K, capacity 4159K, committed 4224K, reserved 1048576K
}
Event: 10.108 GC heap before
{Heap before GC invocations=9 (full 1):
 PSYoungGen      total 69120K, used 66074K [0x00000000d5f00000, 0x00000000dd880000, 0x0000000100000000)
  eden space 60928K, 100% used [0x00000000d5f00000,0x00000000d9a80000,0x00000000d9a80000)
  from space 8192K, 62% used [0x00000000d9a80000,0x00000000d9f86b80,0x00000000da280000)
  to   space 7680K, 0% used [0x00000000dd100000,0x00000000dd100000,0x00000000dd880000)
 ParOldGen       total 46080K, used 4912K [0x0000000081c00000, 0x0000000084900000, 0x00000000d5f00000)
  object space 46080K, 10% used [0x0000000081c00000,0x00000000820cc0e0,0x0000000084900000)
 Metaspace       used 32594K, capacity 34406K, committed 34688K, reserved 1079296K
  class space    used 4486K, capacity 4675K, committed 4736K, reserved 1048576K
Event: 10.113 GC heap after
Heap after GC invocations=9 (full 1):
 PSYoungGen      total 116736K, used 6081K [0x00000000d5f00000, 0x00000000dd880000, 0x0000000100000000)
  eden space 109056K, 0% used [0x00000000d5f00000,0x00000000d5f00000,0x00000000dc980000)
  from space 7680K, 79% used [0x00000000dd100000,0x00000000dd6f06f0,0x00000000dd880000)
  to   space 7680K, 0% used [0x00000000dc980000,0x00000000dc980000,0x00000000dd100000)
 ParOldGen       total 46080K, used 4920K [0x0000000081c00000, 0x0000000084900000, 0x00000000d5f00000)
  object space 46080K, 10% used [0x0000000081c00000,0x00000000820ce0e0,0x0000000084900000)
 Metaspace       used 32594K, capacity 34406K, committed 34688K, reserved 1079296K
  class space    used 4486K, capacity 4675K, committed 4736K, reserved 1048576K
}
Event: 10.173 GC heap before
{Heap before GC invocations=10 (full 1):
 PSYoungGen      total 116736K, used 18998K [0x00000000d5f00000, 0x00000000dd880000, 0x0000000100000000)
  eden space 109056K, 11% used [0x00000000d5f00000,0x00000000d6b9d340,0x00000000dc980000)
  from space 7680K, 79% used [0x00000000dd100000,0x00000000dd6f06f0,0x00000000dd880000)
  to   space 7680K, 0% used [0x00000000dc980000,0x00000000dc980000,0x00000000dd100000)
 ParOldGen       total 46080K, used 4920K [0x0000000081c00000, 0x0000000084900000, 0x00000000d5f00000)
  object space 46080K, 10% used [0x0000000081c00000,0x00000000820ce0e0,0x0000000084900000)
 Metaspace       used 33649K, capacity 35398K, committed 35496K, reserved 1079296K
  class space    used 4575K, capacity 4771K, committed 4864K, reserved 1048576K
Event: 10.177 GC heap after
Heap after GC invocations=10 (full 1):
 PSYoungGen      total 116736K, used 4100K [0x00000000d5f00000, 0x00000000dd880000, 0x0000000100000000)
  eden space 109056K, 0% used [0x00000000d5f00000,0x00000000d5f00000,0x00000000dc980000)
  from space 7680K, 53% used [0x00000000dc980000,0x00000000dcd81140,0x00000000dd100000)
  to   space 7680K, 0% used [0x00000000dd100000,0x00000000dd100000,0x00000000dd880000)
 ParOldGen       total 46080K, used 5324K [0x0000000081c00000, 0x0000000084900000, 0x00000000d5f00000)
  object space 46080K, 11% used [0x0000000081c00000,0x0000000082133150,0x0000000084900000)
 Metaspace       used 33649K, capacity 35398K, committed 35496K, reserved 1079296K
  class space    used 4575K, capacity 4771K, committed 4864K, reserved 1048576K
}
Event: 10.177 GC heap before
{Heap before GC invocations=11 (full 2):
 PSYoungGen      total 116736K, used 4100K [0x00000000d5f00000, 0x00000000dd880000, 0x0000000100000000)
  eden space 109056K, 0% used [0x00000000d5f00000,0x00000000d5f00000,0x00000000dc980000)
  from space 7680K, 53% used [0x00000000dc980000,0x00000000dcd81140,0x00000000dd100000)
  to   space 7680K, 0% used [0x00000000dd100000,0x00000000dd100000,0x00000000dd880000)
 ParOldGen       total 46080K, used 5324K [0x0000000081c00000, 0x0000000084900000, 0x00000000d5f00000)
  object space 46080K, 11% used [0x0000000081c00000,0x0000000082133150,0x0000000084900000)
 Metaspace       used 33649K, capacity 35398K, committed 35496K, reserved 1079296K
  class space    used 4575K, capacity 4771K, committed 4864K, reserved 1048576K
Event: 10.259 GC heap after
Heap after GC invocations=11 (full 2):
 PSYoungGen      total 116736K, used 0K [0x00000000d5f00000, 0x00000000dd880000, 0x0000000100000000)
  eden space 109056K, 0% used [0x00000000d5f00000,0x00000000d5f00000,0x00000000dc980000)
  from space 7680K, 0% used [0x00000000dc980000,0x00000000dc980000,0x00000000dd100000)
  to   space 7680K, 0% used [0x00000000dd100000,0x00000000dd100000,0x00000000dd880000)
 ParOldGen       total 46080K, used 8679K [0x0000000081c00000, 0x0000000084900000, 0x00000000d5f00000)
  object space 46080K, 18% used [0x0000000081c00000,0x0000000082479e88,0x0000000084900000)
 Metaspace       used 33649K, capacity 35398K, committed 35496K, reserved 1079296K
  class space    used 4575K, capacity 4771K, committed 4864K, reserved 1048576K
}

