# JRE version: Java(TM) SE Runtime Environment (8.0_211-b12) (build 1.8.0_211-b12)
# Java VM: Java HotSpot(TM) 64-Bit Server VM (25.211-b12 mixed mode windows-amd64 compressed oops)
Heap:
 PSYoungGen      total 211968K, used 65768K [0x00000000d5f00000, 0x00000000e3a80000, 0x0000000100000000)
  eden space 204800K, 28% used [0x00000000d5f00000,0x00000000d988d020,0x00000000e2700000)
  from space 7168K, 95% used [0x00000000e3380000,0x00000000e3a2d388,0x00000000e3a80000)
  to   space 9728K, 0% used [0x00000000e2780000,0x00000000e2780000,0x00000000e3100000)
 ParOldGen       total 106496K, used 16163K [0x0000000081c00000, 0x0000000088400000, 0x00000000d5f00000)
  object space 106496K, 15% used [0x0000000081c00000,0x0000000082bc8f28,0x0000000088400000)
 Metaspace       used 58964K, capacity 67266K, committed 67456K, reserved 1107968K
  class space    used 8582K, capacity 9510K, committed 9600K, reserved 1048576K
GC Heap History (10 events):
Event: 12.013 GC heap before
{Heap before GC invocations=15 (full 2):
 PSYoungGen      total 132096K, used 47879K [0x00000000d5f00000, 0x00000000df900000, 0x0000000100000000)
  eden space 123904K, 32% used [0x00000000d5f00000,0x00000000d85c7ef8,0x00000000dd800000)
  from space 8192K, 99% used [0x00000000de100000,0x00000000de8f9d40,0x00000000de900000)
  to   space 9216K, 0% used [0x00000000dd800000,0x00000000dd800000,0x00000000de100000)
 ParOldGen       total 81408K, used 10964K [0x0000000081c00000, 0x0000000086b80000, 0x00000000d5f00000)
  object space 81408K, 13% used [0x0000000081c00000,0x00000000826b52e0,0x0000000086b80000)
 Metaspace       used 52894K, capacity 59000K, committed 59028K, reserved 1099776K
  class space    used 7590K, capacity 8294K, committed 8320K, reserved 1048576K
Event: 12.019 GC heap after
Heap after GC invocations=15 (full 2):
 PSYoungGen      total 133120K, used 5024K [0x00000000d5f00000, 0x00000000e1280000, 0x0000000100000000)
  eden space 123904K, 0% used [0x00000000d5f00000,0x00000000d5f00000,0x00000000dd800000)
  from space 9216K, 54% used [0x00000000dd800000,0x00000000ddce8010,0x00000000de100000)
  to   space 9216K, 0% used [0x00000000e0980000,0x00000000e0980000,0x00000000e1280000)
 ParOldGen       total 81408K, used 13522K [0x0000000081c00000, 0x0000000086b80000, 0x00000000d5f00000)
  object space 81408K, 16% used [0x0000000081c00000,0x0000000082934ac0,0x0000000086b80000)
 Metaspace       used 52894K, capacity 59000K, committed 59028K, reserved 1099776K
  class space    used 7590K, capacity 8294K, committed 8320K, reserved 1048576K
}
Event: 12.019 GC heap before
{Heap before GC invocations=16 (full 3):
 PSYoungGen      total 133120K, used 5024K [0x00000000d5f00000, 0x00000000e1280000, 0x0000000100000000)
  eden space 123904K, 0% used [0x00000000d5f00000,0x00000000d5f00000,0x00000000dd800000)
  from space 9216K, 54% used [0x00000000dd800000,0x00000000ddce8010,0x00000000de100000)
  to   space 9216K, 0% used [0x00000000e0980000,0x00000000e0980000,0x00000000e1280000)
 ParOldGen       total 81408K, used 13522K [0x0000000081c00000, 0x0000000086b80000, 0x00000000d5f00000)
  object space 81408K, 16% used [0x0000000081c00000,0x0000000082934ac0,0x0000000086b80000)
 Metaspace       used 52894K, capacity 59000K, committed 59028K, reserved 1099776K
  class space    used 7590K, capacity 8294K, committed 8320K, reserved 1048576K
Event: 12.114 GC heap after
Heap after GC invocations=16 (full 3):
 PSYoungGen      total 133120K, used 0K [0x00000000d5f00000, 0x00000000e1280000, 0x0000000100000000)
  eden space 123904K, 0% used [0x00000000d5f00000,0x00000000d5f00000,0x00000000dd800000)
  from space 9216K, 0% used [0x00000000dd800000,0x00000000dd800000,0x00000000de100000)
  to   space 9216K, 0% used [0x00000000e0980000,0x00000000e0980000,0x00000000e1280000)
 ParOldGen       total 106496K, used 15050K [0x0000000081c00000, 0x0000000088400000, 0x00000000d5f00000)
  object space 106496K, 14% used [0x0000000081c00000,0x0000000082ab29c8,0x0000000088400000)
 Metaspace       used 52892K, capacity 58994K, committed 59028K, reserved 1099776K
  class space    used 7589K, capacity 8293K, committed 8320K, reserved 1048576K
}
Event: 12.860 GC heap before
{Heap before GC invocations=17 (full 3):
 PSYoungGen      total 133120K, used 123904K [0x00000000d5f00000, 0x00000000e1280000, 0x0000000100000000)
  eden space 123904K, 100% used [0x00000000d5f00000,0x00000000dd800000,0x00000000dd800000)
  from space 9216K, 0% used [0x00000000dd800000,0x00000000dd800000,0x00000000de100000)
  to   space 9216K, 0% used [0x00000000e0980000,0x00000000e0980000,0x00000000e1280000)
 ParOldGen       total 106496K, used 15050K [0x0000000081c00000, 0x0000000088400000, 0x00000000d5f00000)
  object space 106496K, 14% used [0x0000000081c00000,0x0000000082ab29c8,0x0000000088400000)
 Metaspace       used 55799K, capacity 62886K, committed 63232K, reserved 1103872K
  class space    used 8075K, capacity 8858K, committed 8960K, reserved 1048576K
Event: 12.865 GC heap after
Heap after GC invocations=17 (full 3):
 PSYoungGen      total 169472K, used 2839K [0x00000000d5f00000, 0x00000000e1000000, 0x0000000100000000)
  eden space 162816K, 0% used [0x00000000d5f00000,0x00000000d5f00000,0x00000000dfe00000)
  from space 6656K, 42% used [0x00000000e0980000,0x00000000e0c45cc0,0x00000000e1000000)
  to   space 9216K, 0% used [0x00000000dfe00000,0x00000000dfe00000,0x00000000e0700000)
 ParOldGen       total 106496K, used 15058K [0x0000000081c00000, 0x0000000088400000, 0x00000000d5f00000)
  object space 106496K, 14% used [0x0000000081c00000,0x0000000082ab49c8,0x0000000088400000)
 Metaspace       used 55799K, capacity 62886K, committed 63232K, reserved 1103872K
  class space    used 8075K, capacity 8858K, committed 8960K, reserved 1048576K
}
Event: 13.831 GC heap before
{Heap before GC invocations=18 (full 3):
 PSYoungGen      total 169472K, used 165655K [0x00000000d5f00000, 0x00000000e1000000, 0x0000000100000000)
  eden space 162816K, 100% used [0x00000000d5f00000,0x00000000dfe00000,0x00000000dfe00000)
  from space 6656K, 42% used [0x00000000e0980000,0x00000000e0c45cc0,0x00000000e1000000)
  to   space 9216K, 0% used [0x00000000dfe00000,0x00000000dfe00000,0x00000000e0700000)
 ParOldGen       total 106496K, used 15058K [0x0000000081c00000, 0x0000000088400000, 0x00000000d5f00000)
  object space 106496K, 14% used [0x0000000081c00000,0x0000000082ab49c8,0x0000000088400000)
 Metaspace       used 57261K, capacity 64868K, committed 65024K, reserved 1105920K
  class space    used 8314K, capacity 9161K, committed 9216K, reserved 1048576K
Event: 13.836 GC heap after
Heap after GC invocations=18 (full 3):
 PSYoungGen      total 172032K, used 3452K [0x00000000d5f00000, 0x00000000e3c80000, 0x0000000100000000)
  eden space 162816K, 0% used [0x00000000d5f00000,0x00000000d5f00000,0x00000000dfe00000)
  from space 9216K, 37% used [0x00000000dfe00000,0x00000000e015f3d0,0x00000000e0700000)
  to   space 9216K, 0% used [0x00000000e3380000,0x00000000e3380000,0x00000000e3c80000)
 ParOldGen       total 106496K, used 16155K [0x0000000081c00000, 0x0000000088400000, 0x00000000d5f00000)
  object space 106496K, 15% used [0x0000000081c00000,0x0000000082bc6f28,0x0000000088400000)
 Metaspace       used 57261K, capacity 64868K, committed 65024K, reserved 1105920K
  class space    used 8314K, capacity 9161K, committed 9216K, reserved 1048576K
}
Event: 14.848 GC heap before
{Heap before GC invocations=19 (full 3):
 PSYoungGen      total 172032K, used 166268K [0x00000000d5f00000, 0x00000000e3c80000, 0x0000000100000000)
  eden space 162816K, 100% used [0x00000000d5f00000,0x00000000dfe00000,0x00000000dfe00000)
  from space 9216K, 37% used [0x00000000dfe00000,0x00000000e015f3d0,0x00000000e0700000)
  to   space 9216K, 0% used [0x00000000e3380000,0x00000000e3380000,0x00000000e3c80000)
 ParOldGen       total 106496K, used 16155K [0x0000000081c00000, 0x0000000088400000, 0x00000000d5f00000)
  object space 106496K, 15% used [0x0000000081c00000,0x0000000082bc6f28,0x0000000088400000)
 Metaspace       used 58640K, capacity 66822K, committed 67072K, reserved 1107968K
  class space    used 8529K, capacity 9443K, committed 9472K, reserved 1048576K
Event: 14.855 GC heap after
Heap after GC invocations=19 (full 3):
 PSYoungGen      total 211968K, used 6836K [0x00000000d5f00000, 0x00000000e3a80000, 0x0000000100000000)
  eden space 204800K, 0% used [0x00000000d5f00000,0x00000000d5f00000,0x00000000e2700000)
  from space 7168K, 95% used [0x00000000e3380000,0x00000000e3a2d388,0x00000000e3a80000)
  to   space 9728K, 0% used [0x00000000e2780000,0x00000000e2780000,0x00000000e3100000)
 ParOldGen       total 106496K, used 16163K [0x0000000081c00000, 0x0000000088400000, 0x00000000d5f00000)
  object space 106496K, 15% used [0x0000000081c00000,0x0000000082bc8f28,0x0000000088400000)
 Metaspace       used 58640K, capacity 66822K, committed 67072K, reserved 1107968K
  class space    used 8529K, capacity 9443K, committed 9472K, reserved 1048576K
}

